<?xml version="1.0" encoding="UTF-8"?>
<!-- Generated by org.testng.reporters.JUnitReportReporter -->
<testsuite hostname="LAPTOP-SSFVE9VJ" failures="0" tests="1" name="org.testing.TestScripts.TC3_Get_Request_AllData" time="0.109" errors="0" timestamp="2021-01-03T09:39:49 IST" skipped="0">
  <testcase classname="org.testing.TestScripts.TC3_Get_Request_AllData" name="tc3_Get_Request_AllData" time="0.109"/>
  <system-out/>
</testsuite> <!-- org.testing.TestScripts.TC3_Get_Request_AllData -->
