<?xml version="1.0" encoding="UTF-8"?>
<!-- Generated by org.testng.reporters.JUnitReportReporter -->
<testsuite hostname="LAPTOP-SSFVE9VJ" failures="0" tests="1" name="org.testing.TestScripts.TC1_Post_Request" time="3.671" errors="0" timestamp="2021-01-03T09:39:49 IST" skipped="0">
  <testcase classname="org.testing.TestScripts.TC1_Post_Request" name="tc1_Post_Request" time="3.671"/>
  <system-out/>
</testsuite> <!-- org.testing.TestScripts.TC1_Post_Request -->
