<?xml version="1.0" encoding="UTF-8"?>
<!-- Generated by org.testng.reporters.JUnitReportReporter -->
<testsuite hostname="LAPTOP-SSFVE9VJ" failures="0" tests="1" name="org.testing.TestScripts.TC2_Get_Request" time="0.127" errors="0" timestamp="2021-01-03T09:39:49 IST" skipped="0">
  <testcase classname="org.testing.TestScripts.TC2_Get_Request" name="tc2_Get_Request" time="0.127"/>
  <system-out/>
</testsuite> <!-- org.testing.TestScripts.TC2_Get_Request -->
